<?xml version="1.0" encoding="UTF-8"?>
<testng-results ignored="0" total="1" passed="1" failed="0" skipped="0">
  <reporter-output>
  </reporter-output>
  <suite started-at="2021-02-27T10:42:06 IST" name="Default suite" finished-at="2021-02-27T10:42:06 IST" duration-ms="533">
    <groups>
    </groups>
    <test started-at="2021-02-27T10:42:06 IST" name="Default test" finished-at="2021-02-27T10:42:06 IST" duration-ms="533">
      <class name="selenium.webdriver.datadriventesting.ReadDataFromExcelFile">
        <test-method signature="read()[pri:0, instance:selenium.webdriver.datadriventesting.ReadDataFromExcelFile@6a370f4]" started-at="2021-02-27T10:42:06 IST" name="read" finished-at="2021-02-27T10:42:06 IST" duration-ms="498" status="PASS">
          <reporter-output>
          </reporter-output>
        </test-method> <!-- read -->
      </class> <!-- selenium.webdriver.datadriventesting.ReadDataFromExcelFile -->
    </test> <!-- Default test -->
  </suite> <!-- Default suite -->
</testng-results>
