<?xml version="1.0" encoding="UTF-8"?>
<testng-results ignored="0" total="2" passed="2" failed="0" skipped="0">
  <reporter-output>
  </reporter-output>
  <suite started-at="2021-02-06T12:18:53 IST" name="Default suite" finished-at="2021-02-06T12:19:08 IST" duration-ms="14976">
    <groups>
    </groups>
    <test started-at="2021-02-06T12:18:53 IST" name="Default test" finished-at="2021-02-06T12:19:08 IST" duration-ms="14976">
      <class name="selenium.webdriver.webelements.WebTables">
        <test-method is-config="true" signature="setUp()[pri:0, instance:selenium.webdriver.webelements.WebTables@62230c58]" started-at="2021-02-06T12:18:53 IST" name="setUp" finished-at="2021-02-06T12:18:55 IST" duration-ms="1926" status="PASS">
          <reporter-output>
          </reporter-output>
        </test-method> <!-- setUp -->
        <test-method signature="webTables()[pri:0, instance:selenium.webdriver.webelements.WebTables@62230c58]" started-at="2021-02-06T12:18:55 IST" name="webTables" finished-at="2021-02-06T12:19:02 IST" duration-ms="6455" status="PASS">
          <reporter-output>
          </reporter-output>
        </test-method> <!-- webTables -->
        <test-method is-config="true" signature="tearDown()[pri:0, instance:selenium.webdriver.webelements.WebTables@62230c58]" started-at="2021-02-06T12:19:02 IST" name="tearDown" finished-at="2021-02-06T12:19:02 IST" duration-ms="53" status="PASS">
          <reporter-output>
          </reporter-output>
        </test-method> <!-- tearDown -->
        <test-method is-config="true" signature="setUp()[pri:0, instance:selenium.webdriver.webelements.WebTables@62230c58]" started-at="2021-02-06T12:19:02 IST" name="setUp" finished-at="2021-02-06T12:19:03 IST" duration-ms="1497" status="PASS">
          <reporter-output>
          </reporter-output>
        </test-method> <!-- setUp -->
        <test-method signature="webTables_ToolsQA()[pri:0, instance:selenium.webdriver.webelements.WebTables@62230c58]" started-at="2021-02-06T12:19:03 IST" name="webTables_ToolsQA" finished-at="2021-02-06T12:19:08 IST" duration-ms="4934" status="PASS">
          <reporter-output>
          </reporter-output>
        </test-method> <!-- webTables_ToolsQA -->
        <test-method is-config="true" signature="tearDown()[pri:0, instance:selenium.webdriver.webelements.WebTables@62230c58]" started-at="2021-02-06T12:19:08 IST" name="tearDown" finished-at="2021-02-06T12:19:08 IST" duration-ms="78" status="PASS">
          <reporter-output>
          </reporter-output>
        </test-method> <!-- tearDown -->
      </class> <!-- selenium.webdriver.webelements.WebTables -->
    </test> <!-- Default test -->
  </suite> <!-- Default suite -->
</testng-results>
